Command line:
   MIPS_P9_isim_beh.exe
     -simmode  gui
     -simrunnum  0
     -socket  1067

Sun Nov 15 10:42:55 2020


 Elaboration Time: 0.060085 sec

 Current Memory Usage: 483.508 Meg

 Total Signals          : 213
 Total Nets             : 7069
 Total Signal Drivers   : 52
 Total Blocks           : 29
 Total Primitive Blocks : 26
 Total Processes        : 48
 Total Traceable Variables  : 16
 Total Scalar Nets and Variables : 7571
Total Line Count : 112
In process ROM.vhd:52 
 

 Total Simulation Time: 0.060085 sec

 Current Memory Usage: 327.27 Meg

Sun Nov 15 10:44:53 2020

