Command line:
   ALU_CONTRO_TB_isim_beh.exe
     -simmode  gui
     -simrunnum  0
     -socket  1046

Tue Oct 20 13:31:04 2020


 Elaboration Time: 0.040057 sec

 Current Memory Usage: 484.368 Meg

 Total Signals          : 10
 Total Nets             : 19
 Total Signal Drivers   : 6
 Total Blocks           : 3
 Total Primitive Blocks : 2
 Total Processes        : 5
 Total Traceable Variables  : 8
 Total Scalar Nets and Variables : 379
Total Line Count : 29
Total Line Count : 29
Total Line Count : 29

 Total Simulation Time: 0.050072 sec

 Current Memory Usage: 327.082 Meg

Tue Oct 20 13:32:09 2020

