Command line:
   RAM_isim_beh.exe
     -simmode  gui
     -simrunnum  0
     -socket  1065

Sun Nov 15 10:42:41 2020


 Elaboration Time: 0.040058 sec

 Current Memory Usage: 481.313 Meg

 Total Signals          : 10
 Total Nets             : 1140
 Total Signal Drivers   : 3
 Total Blocks           : 3
 Total Primitive Blocks : 3
 Total Processes        : 1
 Total Traceable Variables  : 13
 Total Scalar Nets and Variables : 1623
Total Line Count : 8

 Total Simulation Time: 0.040058 sec

 Current Memory Usage: 324.026 Meg

Sun Nov 15 10:42:45 2020

