Command line:
   CONTROL_UNIT_TB_isim_beh.exe
     -simmode  gui
     -simrunnum  0
     -socket  1044

Tue Oct 20 13:27:22 2020


 Elaboration Time: 0.050073 sec

 Current Memory Usage: 327.082 Meg

 Total Signals          : 20
 Total Nets             : 17
 Total Signal Drivers   : 10
 Total Blocks           : 3
 Total Primitive Blocks : 2
 Total Processes        : 10
 Total Traceable Variables  : 8
 Total Scalar Nets and Variables : 377
Total Line Count : 44
Total Line Count : 44

 Total Simulation Time: 0.060087 sec

 Current Memory Usage: 327.082 Meg

Tue Oct 20 13:30:58 2020

