Release 14.7 - xst P.20131013 (nt)
Copyright (c) 1995-2013 Xilinx, Inc.  All rights reserved.
--> Parameter TMPDIR set to xst/projnav.tmp


Total REAL time to Xst completion: 0.00 secs
Total CPU time to Xst completion: 0.07 secs
 
--> Parameter xsthdpdir set to xst


Total REAL time to Xst completion: 0.00 secs
Total CPU time to Xst completion: 0.07 secs
 
--> Reading design: REG_FILE_DECODER.prj

TABLE OF CONTENTS
  1) Synthesis Options Summary
  2) HDL Parsing
  3) HDL Elaboration
  4) HDL Synthesis
       4.1) HDL Synthesis Report
  5) Advanced HDL Synthesis
       5.1) Advanced HDL Synthesis Report
  6) Low Level Synthesis
  7) Partition Report
  8) Design Summary
       8.1) Primitive and Black Box Usage
       8.2) Device utilization summary
       8.3) Partition Resource Summary
       8.4) Timing Report
            8.4.1) Clock Information
            8.4.2) Asynchronous Control Signals Information
            8.4.3) Timing Summary
            8.4.4) Timing Details
            8.4.5) Cross Clock Domains Report


=========================================================================
*                      Synthesis Options Summary                        *
=========================================================================
---- Source Parameters
Input File Name                    : "REG_FILE_DECODER.prj"
Ignore Synthesis Constraint File   : NO

---- Target Parameters
Output File Name                   : "REG_FILE_DECODER"
Output Format                      : NGC
Target Device                      : xc6slx16-3-csg324

---- Source Options
Top Module Name                    : REG_FILE_DECODER
Automatic FSM Extraction           : YES
FSM Encoding Algorithm             : Auto
Safe Implementation                : No
FSM Style                          : LUT
RAM Extraction                     : Yes
RAM Style                          : Auto
ROM Extraction                     : Yes
Shift Register Extraction          : YES
ROM Style                          : Auto
Resource Sharing                   : YES
Asynchronous To Synchronous        : NO
Shift Register Minimum Size        : 2
Use DSP Block                      : Auto
Automatic Register Balancing       : No

---- Target Options
LUT Combining                      : Auto
Reduce Control Sets                : Auto
Add IO Buffers                     : YES
Global Maximum Fanout              : 100000
Add Generic Clock Buffer(BUFG)     : 16
Register Duplication               : YES
Optimize Instantiated Primitives   : NO
Use Clock Enable                   : Auto
Use Synchronous Set                : Auto
Use Synchronous Reset              : Auto
Pack IO Registers into IOBs        : Auto
Equivalent register Removal        : YES

---- General Options
Optimization Goal                  : Speed
Optimization Effort                : 1
Power Reduction                    : NO
Keep Hierarchy                     : No
Netlist Hierarchy                  : As_Optimized
RTL Output                         : Yes
Global Optimization                : AllClockNets
Read Cores                         : YES
Write Timing Constraints           : NO
Cross Clock Analysis               : NO
Hierarchy Separator                : /
Bus Delimiter                      : <>
Case Specifier                     : Maintain
Slice Utilization Ratio            : 100
BRAM Utilization Ratio             : 100
DSP48 Utilization Ratio            : 100
Auto BRAM Packing                  : NO
Slice Utilization Ratio Delta      : 5

=========================================================================


=========================================================================
*                          HDL Parsing                                  *
=========================================================================
Parsing VHDL file "\\vboxsvr\te2031\lab-repo\Practica4\REG_FILE_DECODER.vhd" into library work
Parsing entity <REG_FILE_DECODER>.
Parsing architecture <Behavioral> of entity <reg_file_decoder>.
ERROR:HDLCompiler:776 - "\\vboxsvr\te2031\lab-repo\Practica4\REG_FILE_DECODER.vhd" Line 76: Signal declaration cannot be of a file type or access type
ERROR:HDLCompiler:288 - "\\vboxsvr\te2031\lab-repo\Practica4\REG_FILE_DECODER.vhd" Line 90: Cannot read from 'out' object reg_file_decoder_0 ; use 'buffer' or 'inout'
ERROR:HDLCompiler:288 - "\\vboxsvr\te2031\lab-repo\Practica4\REG_FILE_DECODER.vhd" Line 91: Cannot read from 'out' object reg_file_decoder_1 ; use 'buffer' or 'inout'
ERROR:HDLCompiler:288 - "\\vboxsvr\te2031\lab-repo\Practica4\REG_FILE_DECODER.vhd" Line 92: Cannot read from 'out' object reg_file_decoder_2 ; use 'buffer' or 'inout'
ERROR:HDLCompiler:288 - "\\vboxsvr\te2031\lab-repo\Practica4\REG_FILE_DECODER.vhd" Line 93: Cannot read from 'out' object reg_file_decoder_3 ; use 'buffer' or 'inout'
ERROR:HDLCompiler:288 - "\\vboxsvr\te2031\lab-repo\Practica4\REG_FILE_DECODER.vhd" Line 94: Cannot read from 'out' object reg_file_decoder_4 ; use 'buffer' or 'inout'
ERROR:HDLCompiler:288 - "\\vboxsvr\te2031\lab-repo\Practica4\REG_FILE_DECODER.vhd" Line 95: Cannot read from 'out' object reg_file_decoder_5 ; use 'buffer' or 'inout'
ERROR:HDLCompiler:288 - "\\vboxsvr\te2031\lab-repo\Practica4\REG_FILE_DECODER.vhd" Line 96: Cannot read from 'out' object reg_file_decoder_6 ; use 'buffer' or 'inout'
ERROR:HDLCompiler:288 - "\\vboxsvr\te2031\lab-repo\Practica4\REG_FILE_DECODER.vhd" Line 97: Cannot read from 'out' object reg_file_decoder_7 ; use 'buffer' or 'inout'
ERROR:HDLCompiler:288 - "\\vboxsvr\te2031\lab-repo\Practica4\REG_FILE_DECODER.vhd" Line 98: Cannot read from 'out' object reg_file_decoder_8 ; use 'buffer' or 'inout'
ERROR:HDLCompiler:288 - "\\vboxsvr\te2031\lab-repo\Practica4\REG_FILE_DECODER.vhd" Line 99: Cannot read from 'out' object reg_file_decoder_9 ; use 'buffer' or 'inout'
ERROR:HDLCompiler:288 - "\\vboxsvr\te2031\lab-repo\Practica4\REG_FILE_DECODER.vhd" Line 100: Cannot read from 'out' object reg_file_decoder_10 ; use 'buffer' or 'inout'
ERROR:HDLCompiler:288 - "\\vboxsvr\te2031\lab-repo\Practica4\REG_FILE_DECODER.vhd" Line 101: Cannot read from 'out' object reg_file_decoder_11 ; use 'buffer' or 'inout'
ERROR:HDLCompiler:288 - "\\vboxsvr\te2031\lab-repo\Practica4\REG_FILE_DECODER.vhd" Line 102: Cannot read from 'out' object reg_file_decoder_12 ; use 'buffer' or 'inout'
ERROR:HDLCompiler:288 - "\\vboxsvr\te2031\lab-repo\Practica4\REG_FILE_DECODER.vhd" Line 103: Cannot read from 'out' object reg_file_decoder_13 ; use 'buffer' or 'inout'
ERROR:HDLCompiler:288 - "\\vboxsvr\te2031\lab-repo\Practica4\REG_FILE_DECODER.vhd" Line 104: Cannot read from 'out' object reg_file_decoder_14 ; use 'buffer' or 'inout'
ERROR:HDLCompiler:288 - "\\vboxsvr\te2031\lab-repo\Practica4\REG_FILE_DECODER.vhd" Line 105: Cannot read from 'out' object reg_file_decoder_15 ; use 'buffer' or 'inout'
ERROR:HDLCompiler:288 - "\\vboxsvr\te2031\lab-repo\Practica4\REG_FILE_DECODER.vhd" Line 106: Cannot read from 'out' object reg_file_decoder_16 ; use 'buffer' or 'inout'
ERROR:HDLCompiler:288 - "\\vboxsvr\te2031\lab-repo\Practica4\REG_FILE_DECODER.vhd" Line 107: Cannot read from 'out' object reg_file_decoder_17 ; use 'buffer' or 'inout'
Sorry, too many errors..
--> 

Total memory usage is 114364 kilobytes

Number of errors   :   19 (   0 filtered)
Number of warnings :    0 (   0 filtered)
Number of infos    :    0 (   0 filtered)

