Command line:
   ROM_isim_beh.exe
     -simmode  gui
     -simrunnum  0
     -socket  1086

Fri Sep 04 14:28:21 2020


 Elaboration Time: 0.050072 sec

 Current Memory Usage: 480.961 Meg

 Total Signals          : 4
 Total Nets             : 1089
 Total Signal Drivers   : 3
 Total Blocks           : 3
 Total Primitive Blocks : 3
 Total Processes        : 3
 Total Traceable Variables  : 13
 Total Scalar Nets and Variables : 1572
Total Line Count : 3

 Total Simulation Time: 0.050072 sec

 Current Memory Usage: 323.674 Meg

Fri Sep 04 14:30:08 2020

