Command line:
   REG_FILE_isim_beh.exe
     -simmode  gui
     -simrunnum  0
     -socket  1081

Tue Oct 27 14:18:47 2020


 Elaboration Time: 0.030043 sec

 Current Memory Usage: 485.159 Meg

 Total Signals          : 88
 Total Nets             : 3249
 Total Signal Drivers   : 7
 Total Blocks           : 8
 Total Primitive Blocks : 7
 Total Processes        : 5
 Total Traceable Variables  : 13
 Total Scalar Nets and Variables : 3732
Total Line Count : 11

 Total Simulation Time: 0.030043 sec

 Current Memory Usage: 328.921 Meg

Tue Oct 27 14:19:33 2020

