Command line:
   MIPS_TB2_isim_beh.exe
     -simmode  gui
     -simrunnum  0
     -socket  1110

Sun Nov 15 13:10:51 2020


 Elaboration Time: 0.060086 sec

 Current Memory Usage: 487.703 Meg

 Total Signals          : 215
 Total Nets             : 7107
 Total Signal Drivers   : 52
 Total Blocks           : 29
 Total Primitive Blocks : 26
 Total Processes        : 48
 Total Traceable Variables  : 16
 Total Scalar Nets and Variables : 7609
Total Line Count : 112

 Total Simulation Time: 0.060086 sec

 Current Memory Usage: 330.416 Meg

Sun Nov 15 13:11:29 2020

