ISim log file
Running: E:\Practica9\MIPS_TB2_isim_beh.exe -intstyle ise -gui -tclbatch isim.cmd -wdb E:/Practica9/MIPS_TB2_isim_beh.wdb 
ISim P.20131013 (signature 0x8ef4fb42)
WARNING: A WEBPACK license was found.
WARNING: Please use Xilinx License Configuration Manager to check out a full ISim license.
WARNING: ISim will run in Lite mode. Please refer to the ISim documentation for more information on the differences between the Lite and the Full version.
This is a Lite version of ISim.
Time resolution is 1 ps
# onerror resume
# wave add /
# run 1000 ns
Simulator is doing circuit initialization process.
at 0 ps, Instance /mips_tb2/uut/INSTRUCTION_MEMORY/ : Warning: NUMERIC_STD.TO_INTEGER: metavalue detected, returning 0
at 0 ps, Instance /mips_tb2/uut/REGISTER_FILE/DECODER/ : Warning: NUMERIC_STD.TO_INTEGER: metavalue detected, returning 0
at 0 ps, Instance /mips_tb2/uut/REGISTER_FILE/MUX1/ : Warning: NUMERIC_STD.TO_INTEGER: metavalue detected, returning 0
at 0 ps, Instance /mips_tb2/uut/REGISTER_FILE/MUX2/ : Warning: NUMERIC_STD.TO_INTEGER: metavalue detected, returning 0
at 0 ps, Instance /mips_tb2/uut/ADD_1/ : Warning: There is an 'U'|'X'|'W'|'Z'|'-' in an arithmetic operand, the result will be 'X'(es).
Finished circuit initialization process.
at 0 ps, Instance /mips_tb2/uut/REGISTER_FILE/DECODER/ : Warning: NUMERIC_STD.TO_INTEGER: metavalue detected, returning 0
ISim P.20131013 (signature 0x8ef4fb42)
WARNING: A WEBPACK license was found.
WARNING: Please use Xilinx License Configuration Manager to check out a full ISim license.
WARNING: ISim will run in Lite mode. Please refer to the ISim documentation for more information on the differences between the Lite and the Full version.
This is a Lite version of ISim.
# run 1000 ns
Simulator is doing circuit initialization process.
at 0 ps, Instance /mips_tb2/uut/INSTRUCTION_MEMORY/ : Warning: NUMERIC_STD.TO_INTEGER: metavalue detected, returning 0
at 0 ps, Instance /mips_tb2/uut/REGISTER_FILE/DECODER/ : Warning: NUMERIC_STD.TO_INTEGER: metavalue detected, returning 0
at 0 ps, Instance /mips_tb2/uut/REGISTER_FILE/MUX1/ : Warning: NUMERIC_STD.TO_INTEGER: metavalue detected, returning 0
at 0 ps, Instance /mips_tb2/uut/REGISTER_FILE/MUX2/ : Warning: NUMERIC_STD.TO_INTEGER: metavalue detected, returning 0
at 0 ps, Instance /mips_tb2/uut/ADD_1/ : Warning: There is an 'U'|'X'|'W'|'Z'|'-' in an arithmetic operand, the result will be 'X'(es).
Finished circuit initialization process.
at 0 ps, Instance /mips_tb2/uut/REGISTER_FILE/DECODER/ : Warning: NUMERIC_STD.TO_INTEGER: metavalue detected, returning 0
# run 10.00us
