--------------------------------------------------------------------------------
Release 14.7 Trace  (nt)
Copyright (c) 1995-2013 Xilinx, Inc.  All rights reserved.

C:\Xilinx\14.7\ISE_DS\ISE\bin\nt\unwrapped\trce.exe -intstyle ise -v 3 -s 3 -n
3 -fastpaths -xml CONTROL_UNIT.twx CONTROL_UNIT.ncd -o CONTROL_UNIT.twr
CONTROL_UNIT.pcf

Design file:              CONTROL_UNIT.ncd
Physical constraint file: CONTROL_UNIT.pcf
Device,package,speed:     xc6slx16,csg324,C,-3 (PRODUCTION 1.23 2013-10-13)
Report level:             verbose report

Environment Variable      Effect 
--------------------      ------ 
NONE                      No environment variables were set
--------------------------------------------------------------------------------

INFO:Timing:2698 - No timing constraints found, doing default enumeration.
INFO:Timing:3412 - To improve timing, see the Timing Closure User Guide (UG612).
INFO:Timing:2752 - To get complete path coverage, use the unconstrained paths 
   option. All paths that are not constrained will be reported in the 
   unconstrained paths section(s) of the report.
INFO:Timing:3339 - The clock-to-out numbers in this timing report are based on 
   a 50 Ohm transmission line loading model.  For the details of this model, 
   and for more information on accounting for different loading conditions, 
   please see the device datasheet.



Data Sheet report:
-----------------
All values displayed in nanoseconds (ns)

Pad to Pad
-----------------------+-----------------------+---------+
Source Pad             |Destination Pad        |  Delay  |
-----------------------+-----------------------+---------+
CONTROL_UNIT_OP_CODE<0>|CONTROL_UNIT_ALUOP<0>  |    6.731|
CONTROL_UNIT_OP_CODE<0>|CONTROL_UNIT_ALUOP<1>  |    6.952|
CONTROL_UNIT_OP_CODE<0>|CONTROL_UNIT_ALUOP<2>  |    6.298|
CONTROL_UNIT_OP_CODE<0>|CONTROL_UNIT_ALU_SRC   |    6.592|
CONTROL_UNIT_OP_CODE<0>|CONTROL_UNIT_BRANCH    |    6.406|
CONTROL_UNIT_OP_CODE<0>|CONTROL_UNIT_JUMP      |    6.244|
CONTROL_UNIT_OP_CODE<0>|CONTROL_UNIT_MEM_READ  |    6.842|
CONTROL_UNIT_OP_CODE<0>|CONTROL_UNIT_MEM_TO_REG|    6.587|
CONTROL_UNIT_OP_CODE<0>|CONTROL_UNIT_MEM_WRITE |    6.703|
CONTROL_UNIT_OP_CODE<0>|CONTROL_UNIT_REG_DEST  |    6.433|
CONTROL_UNIT_OP_CODE<0>|CONTROL_UNIT_REG_WRITE |    6.337|
CONTROL_UNIT_OP_CODE<1>|CONTROL_UNIT_ALUOP<0>  |    6.873|
CONTROL_UNIT_OP_CODE<1>|CONTROL_UNIT_ALUOP<1>  |    6.701|
CONTROL_UNIT_OP_CODE<1>|CONTROL_UNIT_ALUOP<2>  |    6.417|
CONTROL_UNIT_OP_CODE<1>|CONTROL_UNIT_ALU_SRC   |    6.483|
CONTROL_UNIT_OP_CODE<1>|CONTROL_UNIT_BRANCH    |    6.369|
CONTROL_UNIT_OP_CODE<1>|CONTROL_UNIT_JUMP      |    6.269|
CONTROL_UNIT_OP_CODE<1>|CONTROL_UNIT_MEM_READ  |    6.959|
CONTROL_UNIT_OP_CODE<1>|CONTROL_UNIT_MEM_TO_REG|    6.704|
CONTROL_UNIT_OP_CODE<1>|CONTROL_UNIT_MEM_WRITE |    6.742|
CONTROL_UNIT_OP_CODE<1>|CONTROL_UNIT_REG_DEST  |    6.513|
CONTROL_UNIT_OP_CODE<1>|CONTROL_UNIT_REG_WRITE |    6.411|
CONTROL_UNIT_OP_CODE<2>|CONTROL_UNIT_ALUOP<0>  |    6.554|
CONTROL_UNIT_OP_CODE<2>|CONTROL_UNIT_ALUOP<1>  |    6.850|
CONTROL_UNIT_OP_CODE<2>|CONTROL_UNIT_ALUOP<2>  |    6.489|
CONTROL_UNIT_OP_CODE<2>|CONTROL_UNIT_ALU_SRC   |    6.795|
CONTROL_UNIT_OP_CODE<2>|CONTROL_UNIT_BRANCH    |    6.673|
CONTROL_UNIT_OP_CODE<2>|CONTROL_UNIT_JUMP      |    6.559|
CONTROL_UNIT_OP_CODE<2>|CONTROL_UNIT_MEM_READ  |    6.723|
CONTROL_UNIT_OP_CODE<2>|CONTROL_UNIT_MEM_TO_REG|    6.468|
CONTROL_UNIT_OP_CODE<2>|CONTROL_UNIT_MEM_WRITE |    6.593|
CONTROL_UNIT_OP_CODE<2>|CONTROL_UNIT_REG_DEST  |    6.231|
CONTROL_UNIT_OP_CODE<2>|CONTROL_UNIT_REG_WRITE |    6.537|
CONTROL_UNIT_OP_CODE<3>|CONTROL_UNIT_ALUOP<0>  |    7.024|
CONTROL_UNIT_OP_CODE<3>|CONTROL_UNIT_ALUOP<1>  |    7.702|
CONTROL_UNIT_OP_CODE<3>|CONTROL_UNIT_ALUOP<2>  |    6.504|
CONTROL_UNIT_OP_CODE<3>|CONTROL_UNIT_ALU_SRC   |    7.121|
CONTROL_UNIT_OP_CODE<3>|CONTROL_UNIT_BRANCH    |    7.361|
CONTROL_UNIT_OP_CODE<3>|CONTROL_UNIT_JUMP      |    7.213|
CONTROL_UNIT_OP_CODE<3>|CONTROL_UNIT_MEM_READ  |    7.326|
CONTROL_UNIT_OP_CODE<3>|CONTROL_UNIT_MEM_TO_REG|    7.071|
CONTROL_UNIT_OP_CODE<3>|CONTROL_UNIT_MEM_WRITE |    7.213|
CONTROL_UNIT_OP_CODE<3>|CONTROL_UNIT_REG_DEST  |    7.079|
CONTROL_UNIT_OP_CODE<3>|CONTROL_UNIT_REG_WRITE |    7.083|
CONTROL_UNIT_OP_CODE<4>|CONTROL_UNIT_ALUOP<0>  |    6.662|
CONTROL_UNIT_OP_CODE<4>|CONTROL_UNIT_ALUOP<1>  |    7.326|
CONTROL_UNIT_OP_CODE<4>|CONTROL_UNIT_ALUOP<2>  |    6.182|
CONTROL_UNIT_OP_CODE<4>|CONTROL_UNIT_ALU_SRC   |    6.701|
CONTROL_UNIT_OP_CODE<4>|CONTROL_UNIT_BRANCH    |    6.804|
CONTROL_UNIT_OP_CODE<4>|CONTROL_UNIT_JUMP      |    6.673|
CONTROL_UNIT_OP_CODE<4>|CONTROL_UNIT_MEM_READ  |    7.228|
CONTROL_UNIT_OP_CODE<4>|CONTROL_UNIT_MEM_TO_REG|    6.973|
CONTROL_UNIT_OP_CODE<4>|CONTROL_UNIT_MEM_WRITE |    7.110|
CONTROL_UNIT_OP_CODE<4>|CONTROL_UNIT_REG_DEST  |    6.619|
CONTROL_UNIT_OP_CODE<4>|CONTROL_UNIT_REG_WRITE |    6.654|
CONTROL_UNIT_OP_CODE<5>|CONTROL_UNIT_ALUOP<0>  |    6.786|
CONTROL_UNIT_OP_CODE<5>|CONTROL_UNIT_ALUOP<1>  |    6.706|
CONTROL_UNIT_OP_CODE<5>|CONTROL_UNIT_ALUOP<2>  |    6.298|
CONTROL_UNIT_OP_CODE<5>|CONTROL_UNIT_ALU_SRC   |    6.493|
CONTROL_UNIT_OP_CODE<5>|CONTROL_UNIT_BRANCH    |    6.516|
CONTROL_UNIT_OP_CODE<5>|CONTROL_UNIT_JUMP      |    6.424|
CONTROL_UNIT_OP_CODE<5>|CONTROL_UNIT_MEM_READ  |    6.574|
CONTROL_UNIT_OP_CODE<5>|CONTROL_UNIT_MEM_TO_REG|    6.319|
CONTROL_UNIT_OP_CODE<5>|CONTROL_UNIT_MEM_WRITE |    6.483|
CONTROL_UNIT_OP_CODE<5>|CONTROL_UNIT_REG_DEST  |    6.368|
CONTROL_UNIT_OP_CODE<5>|CONTROL_UNIT_REG_WRITE |    6.439|
-----------------------+-----------------------+---------+


Analysis completed Fri Oct 09 18:44:17 2020 
--------------------------------------------------------------------------------

Trace Settings:
-------------------------
Trace Settings 

Peak Memory Usage: 143 MB



