Command line:
   PROGRAM_COUNTER_isim_beh.exe
     -simmode  gui
     -simrunnum  0
     -socket  1041

Tue Oct 27 18:04:30 2020


 Elaboration Time: 0.040058 sec

 Current Memory Usage: 484.364 Meg

 Total Signals          : 5
 Total Nets             : 98
 Total Signal Drivers   : 2
 Total Blocks           : 2
 Total Primitive Blocks : 2
 Total Processes        : 2
 Total Traceable Variables  : 8
 Total Scalar Nets and Variables : 458
Total Line Count : 6

 Total Simulation Time: 0.040058 sec

 Current Memory Usage: 327.078 Meg

Tue Oct 27 18:05:17 2020

