Running: fuse.exe -relaunch -intstyle "ise" -incremental -lib "secureip" -o "E:/P8/MIPS_TB_isim_beh.exe" -prj "E:/P8/MIPS_TB_beh.prj" "work.MIPS_TB" 
ISim P.20131013 (signature 0x8ef4fb42)
Number of CPUs detected in this system: 1
Turning on mult-threading, number of parallel sub-compilation jobs: 0 
Determining compilation order of HDL files
Parsing VHDL file "E:/P8/../Practica4/REG_FILE_REGISTERS.vhd" into library work
Parsing VHDL file "E:/P8/../Practica4/REG_FILE_MUX.vhd" into library work
Parsing VHDL file "E:/P8/../Practica4/REG_FILE_DECODER.vhd" into library work
Parsing VHDL file "E:/P8/../Practica7/CONTROL_UNIT.vhd" into library work
Parsing VHDL file "E:/P8/../Practica7/ALU_CONTROL.vhd" into library work
Parsing VHDL file "E:/P8/../Practica4/REG_FILE.vhd" into library work
Parsing VHDL file "E:/P8/../Practica3/ROM.vhd" into library work
Parsing VHDL file "E:/P8/../Practica3/RAM.vhd" into library work
Parsing VHDL file "E:/P8/../Practica 1/sign_extender.vhd" into library work
Parsing VHDL file "E:/P8/../Practica 1/Shift_Left_32b.vhd" into library work
Parsing VHDL file "E:/P8/../Practica 1/SHIFTLEFT.vhd" into library work
Parsing VHDL file "E:/P8/../Practica 1/PROGRAM_COUNTER.vhd" into library work
Parsing VHDL file "E:/P8/../Practica 1/MUX_5_BITS.vhd" into library work
Parsing VHDL file "E:/P8/../Practica 1/MUX_32_BITS.vhd" into library work
Parsing VHDL file "E:/P8/../Practica 1/add.vhd" into library work
Parsing VHDL file "E:/P8/../P2/ALU.vhd" into library work
Parsing VHDL file "E:/P8/MIPS_PROCESSOR.vhd" into library work
Parsing VHDL file "E:/P8/MIPS_TB.vhd" into library work
Starting static elaboration
Completed static elaboration
Fuse Memory Usage: 79316 KB
Fuse CPU Usage: 330 ms
Compiling package standard
Compiling package std_logic_1164
Compiling package numeric_std
Compiling package register_utils
Compiling package std_logic_arith
Compiling package std_logic_unsigned
Compiling architecture behavioral of entity PROGRAM_COUNTER [program_counter_default]
Compiling architecture behavioral of entity ROM [rom_default]
Compiling architecture behavioral of entity REG_FILE_DECODER [reg_file_decoder_default]
Compiling architecture behavioral of entity REG_FILE_REGISTERS [reg_file_registers_default]
Compiling architecture behavioral of entity REG_FILE_MUX [reg_file_mux_default]
Compiling architecture structural of entity REG_FILE [reg_file_default]
Compiling architecture behavioral of entity RAM [ram_default]
Compiling architecture behavioral of entity MUX_5_BITS [mux_5_bits_default]
Compiling architecture behavioral of entity MUX_32_BITS [mux_32_bits_default]
Compiling architecture behavioral of entity ALU_CONTROL [alu_control_default]
Compiling architecture behavioral of entity CONTROL_UNIT [control_unit_default]
Compiling architecture behavioral of entity shift_left_32b [shift_left_32b_default]
Compiling architecture behavioral of entity SHIFTLEFT [shiftleft_default]
Compiling architecture behavioral of entity sign_extender [sign_extender_default]
Compiling architecture behavioral of entity add [add_default]
Compiling architecture behavioral of entity ALU [alu_default]
Compiling architecture structural of entity MIPS_PROCESSOR [mips_processor_default]
Compiling architecture behavior of entity mips_tb
Time Resolution for simulation is 1ps.
Compiled 41 VHDL Units
Built simulation executable E:/P8/MIPS_TB_isim_beh.exe
Fuse Memory Usage: 99224 KB
Fuse CPU Usage: 640 ms
